# JRE version: Java(TM) SE Runtime Environment (8.0_202-b08) (build 1.8.0_202-b08)
# Java VM: Java HotSpot(TM) 64-Bit Server VM (25.202-b08 mixed mode windows-amd64 compressed oops)
Heap:
 PSYoungGen      total 987136K, used 377581K [0x0000000783000000, 0x00000007bfe80000, 0x00000007c0000000)
  eden space 978432K, 38% used [0x0000000783000000,0x000000079a0bb638,0x00000007beb80000)
  from space 8704K, 0% used [0x00000007bf600000,0x00000007bf600000,0x00000007bfe80000)
  to   space 9728K, 0% used [0x00000007beb80000,0x00000007beb80000,0x00000007bf500000)
 ParOldGen       total 635392K, used 169680K [0x0000000709000000, 0x000000072fc80000, 0x0000000783000000)
  object space 635392K, 26% used [0x0000000709000000,0x00000007135b40c0,0x000000072fc80000)
 Metaspace       used 20063K, capacity 20690K, committed 21120K, reserved 1067008K
  class space    used 2678K, capacity 2851K, committed 2944K, reserved 1048576K
GC Heap History (10 events):
Event: 27.595 GC heap before
{Heap before GC invocations=19 (full 5):
 PSYoungGen      total 632320K, used 621312K [0x0000000783000000, 0x00000007b5b00000, 0x00000007c0000000)
  eden space 621056K, 100% used [0x0000000783000000,0x00000007a8e80000,0x00000007a8e80000)
  from space 11264K, 2% used [0x00000007a8e80000,0x00000007a8ec0000,0x00000007a9980000)
  to   space 10752K, 0% used [0x00000007b5080000,0x00000007b5080000,0x00000007b5b00000)
 ParOldGen       total 545280K, used 246216K [0x0000000709000000, 0x000000072a480000, 0x0000000783000000)
  object space 545280K, 45% used [0x0000000709000000,0x00000007180722a8,0x000000072a480000)
 Metaspace       used 20045K, capacity 20690K, committed 21120K, reserved 1067008K
  class space    used 2678K, capacity 2851K, committed 2944K, reserved 1048576K
Event: 27.617 GC heap after
Heap after GC invocations=19 (full 5):
 PSYoungGen      total 816640K, used 288K [0x0000000783000000, 0x00000007b5980000, 0x00000007c0000000)
  eden space 807424K, 0% used [0x0000000783000000,0x0000000783000000,0x00000007b4480000)
  from space 9216K, 3% used [0x00000007b5080000,0x00000007b50c8000,0x00000007b5980000)
  to   space 10752K, 0% used [0x00000007b4480000,0x00000007b4480000,0x00000007b4f00000)
 ParOldGen       total 545280K, used 458863K [0x0000000709000000, 0x000000072a480000, 0x0000000783000000)
  object space 545280K, 84% used [0x0000000709000000,0x000000072501bd90,0x000000072a480000)
 Metaspace       used 20045K, capacity 20690K, committed 21120K, reserved 1067008K
  class space    used 2678K, capacity 2851K, committed 2944K, reserved 1048576K
}
Event: 27.617 GC heap before
{Heap before GC invocations=20 (full 6):
 PSYoungGen      total 816640K, used 288K [0x0000000783000000, 0x00000007b5980000, 0x00000007c0000000)
  eden space 807424K, 0% used [0x0000000783000000,0x0000000783000000,0x00000007b4480000)
  from space 9216K, 3% used [0x00000007b5080000,0x00000007b50c8000,0x00000007b5980000)
  to   space 10752K, 0% used [0x00000007b4480000,0x00000007b4480000,0x00000007b4f00000)
 ParOldGen       total 545280K, used 458863K [0x0000000709000000, 0x000000072a480000, 0x0000000783000000)
  object space 545280K, 84% used [0x0000000709000000,0x000000072501bd90,0x000000072a480000)
 Metaspace       used 20045K, capacity 20690K, committed 21120K, reserved 1067008K
  class space    used 2678K, capacity 2851K, committed 2944K, reserved 1048576K
Event: 27.639 GC heap after
Heap after GC invocations=20 (full 6):
 PSYoungGen      total 816640K, used 0K [0x0000000783000000, 0x00000007b5980000, 0x00000007c0000000)
  eden space 807424K, 0% used [0x0000000783000000,0x0000000783000000,0x00000007b4480000)
  from space 9216K, 0% used [0x00000007b5080000,0x00000007b5080000,0x00000007b5980000)
  to   space 10752K, 0% used [0x00000007b4480000,0x00000007b4480000,0x00000007b4f00000)
 ParOldGen       total 612352K, used 161197K [0x0000000709000000, 0x000000072e600000, 0x0000000783000000)
  object space 612352K, 26% used [0x0000000709000000,0x0000000712d6b788,0x000000072e600000)
 Metaspace       used 20045K, capacity 20690K, committed 21120K, reserved 1067008K
  class space    used 2678K, capacity 2851K, committed 2944K, reserved 1048576K
}
Event: 29.767 GC heap before
{Heap before GC invocations=21 (full 6):
 PSYoungGen      total 816640K, used 803378K [0x0000000783000000, 0x00000007b5980000, 0x00000007c0000000)
  eden space 807424K, 99% used [0x0000000783000000,0x00000007b408c970,0x00000007b4480000)
  from space 9216K, 0% used [0x00000007b5080000,0x00000007b5080000,0x00000007b5980000)
  to   space 10752K, 0% used [0x00000007b4480000,0x00000007b4480000,0x00000007b4f00000)
 ParOldGen       total 612352K, used 161197K [0x0000000709000000, 0x000000072e600000, 0x0000000783000000)
  object space 612352K, 26% used [0x0000000709000000,0x0000000712d6b788,0x000000072e600000)
 Metaspace       used 20045K, capacity 20690K, committed 21120K, reserved 1067008K
  class space    used 2678K, capacity 2851K, committed 2944K, reserved 1048576K
Event: 29.781 GC heap after
Heap after GC invocations=21 (full 6):
 PSYoungGen      total 818176K, used 192K [0x0000000783000000, 0x00000007c0000000, 0x00000007c0000000)
  eden space 807424K, 0% used [0x0000000783000000,0x0000000783000000,0x00000007b4480000)
  from space 10752K, 1% used [0x00000007b4480000,0x00000007b44b0000,0x00000007b4f00000)
  to   space 10240K, 0% used [0x00000007bf600000,0x00000007bf600000,0x00000007c0000000)
 ParOldGen       total 612352K, used 271757K [0x0000000709000000, 0x000000072e600000, 0x0000000783000000)
  object space 612352K, 44% used [0x0000000709000000,0x0000000719963638,0x000000072e600000)
 Metaspace       used 20045K, capacity 20690K, committed 21120K, reserved 1067008K
  class space    used 2678K, capacity 2851K, committed 2944K, reserved 1048576K
}
Event: 32.125 GC heap before
{Heap before GC invocations=22 (full 6):
 PSYoungGen      total 818176K, used 807022K [0x0000000783000000, 0x00000007c0000000, 0x00000007c0000000)
  eden space 807424K, 99% used [0x0000000783000000,0x00000007b43ebb00,0x00000007b4480000)
  from space 10752K, 1% used [0x00000007b4480000,0x00000007b44b0000,0x00000007b4f00000)
  to   space 10240K, 0% used [0x00000007bf600000,0x00000007bf600000,0x00000007c0000000)
 ParOldGen       total 612352K, used 271757K [0x0000000709000000, 0x000000072e600000, 0x0000000783000000)
  object space 612352K, 44% used [0x0000000709000000,0x0000000719963638,0x000000072e600000)
 Metaspace       used 20050K, capacity 20690K, committed 21120K, reserved 1067008K
  class space    used 2678K, capacity 2851K, committed 2944K, reserved 1048576K
Event: 32.143 GC heap after
Heap after GC invocations=22 (full 6):
 PSYoungGen      total 987136K, used 224K [0x0000000783000000, 0x00000007bfe80000, 0x00000007c0000000)
  eden space 978432K, 0% used [0x0000000783000000,0x0000000783000000,0x00000007beb80000)
  from space 8704K, 2% used [0x00000007bf600000,0x00000007bf638000,0x00000007bfe80000)
  to   space 9728K, 0% used [0x00000007beb80000,0x00000007beb80000,0x00000007bf500000)
 ParOldGen       total 612352K, used 441865K [0x0000000709000000, 0x000000072e600000, 0x0000000783000000)
  object space 612352K, 72% used [0x0000000709000000,0x0000000723f82540,0x000000072e600000)
 Metaspace       used 20050K, capacity 20690K, committed 21120K, reserved 1067008K
  class space    used 2678K, capacity 2851K, committed 2944K, reserved 1048576K
}
Event: 32.143 GC heap before
{Heap before GC invocations=23 (full 7):
 PSYoungGen      total 987136K, used 224K [0x0000000783000000, 0x00000007bfe80000, 0x00000007c0000000)
  eden space 978432K, 0% used [0x0000000783000000,0x0000000783000000,0x00000007beb80000)
  from space 8704K, 2% used [0x00000007bf600000,0x00000007bf638000,0x00000007bfe80000)
  to   space 9728K, 0% used [0x00000007beb80000,0x00000007beb80000,0x00000007bf500000)
 ParOldGen       total 612352K, used 441865K [0x0000000709000000, 0x000000072e600000, 0x0000000783000000)
  object space 612352K, 72% used [0x0000000709000000,0x0000000723f82540,0x000000072e600000)
 Metaspace       used 20050K, capacity 20690K, committed 21120K, reserved 1067008K
  class space    used 2678K, capacity 2851K, committed 2944K, reserved 1048576K
Event: 32.165 GC heap after
Heap after GC invocations=23 (full 7):
 PSYoungGen      total 987136K, used 0K [0x0000000783000000, 0x00000007bfe80000, 0x00000007c0000000)
  eden space 978432K, 0% used [0x0000000783000000,0x0000000783000000,0x00000007beb80000)
  from space 8704K, 0% used [0x00000007bf600000,0x00000007bf600000,0x00000007bfe80000)
  to   space 9728K, 0% used [0x00000007beb80000,0x00000007beb80000,0x00000007bf500000)
 ParOldGen       total 635392K, used 169680K [0x0000000709000000, 0x000000072fc80000, 0x0000000783000000)
  object space 635392K, 26% used [0x0000000709000000,0x00000007135b40c0,0x000000072fc80000)
 Metaspace       used 20050K, capacity 20690K, committed 21120K, reserved 1067008K
  class space    used 2678K, capacity 2851K, committed 2944K, reserved 1048576K
}

